# JRE version: OpenJDK Runtime Environment (8.0_212-b04) (build 1.8.0_212-release-1586-b04)
# Java VM: OpenJDK 64-Bit Server VM (25.212-b04 mixed mode windows-amd64 compressed oops)
Heap:
 PSYoungGen      total 85504K, used 50568K [0x00000000d5c00000, 0x00000000dde80000, 0x0000000100000000)
  eden space 69632K, 51% used [0x00000000d5c00000,0x00000000d7f4ef60,0x00000000da000000)
  from space 15872K, 90% used [0x00000000da000000,0x00000000dae13478,0x00000000daf80000)
  to   space 17408K, 0% used [0x00000000dcd80000,0x00000000dcd80000,0x00000000dde80000)
 ParOldGen       total 66560K, used 15899K [0x0000000081400000, 0x0000000085500000, 0x00000000d5c00000)
  object space 66560K, 23% used [0x0000000081400000,0x0000000082386cc0,0x0000000085500000)
 Metaspace       used 41388K, capacity 42004K, committed 42416K, reserved 1087488K
  class space    used 5067K, capacity 5237K, committed 5296K, reserved 1048576K
GC Heap History (10 events):
Event: 2.386 GC heap before
{Heap before GC invocations=5 (full 1):
 PSYoungGen      total 38400K, used 33280K [0x00000000d5c00000, 0x00000000da700000, 0x0000000100000000)
  eden space 33280K, 100% used [0x00000000d5c00000,0x00000000d7c80000,0x00000000d7c80000)
  from space 5120K, 0% used [0x00000000d7c80000,0x00000000d7c80000,0x00000000d8180000)
  to   space 5120K, 0% used [0x00000000da200000,0x00000000da200000,0x00000000da700000)
 ParOldGen       total 66560K, used 9018K [0x0000000081400000, 0x0000000085500000, 0x00000000d5c00000)
  object space 66560K, 13% used [0x0000000081400000,0x0000000081cce850,0x0000000085500000)
 Metaspace       used 24617K, capacity 25064K, committed 25136K, reserved 1071104K
  class space    used 2948K, capacity 3088K, committed 3120K, reserved 1048576K
Event: 2.392 GC heap after
Heap after GC invocations=5 (full 1):
 PSYoungGen      total 52736K, used 5109K [0x00000000d5c00000, 0x00000000da700000, 0x0000000100000000)
  eden space 47616K, 0% used [0x00000000d5c00000,0x00000000d5c00000,0x00000000d8a80000)
  from space 5120K, 99% used [0x00000000da200000,0x00000000da6fd4f8,0x00000000da700000)
  to   space 5120K, 0% used [0x00000000d9d00000,0x00000000d9d00000,0x00000000da200000)
 ParOldGen       total 66560K, used 11549K [0x0000000081400000, 0x0000000085500000, 0x00000000d5c00000)
  object space 66560K, 17% used [0x0000000081400000,0x0000000081f475d0,0x0000000085500000)
 Metaspace       used 24617K, capacity 25064K, committed 25136K, reserved 1071104K
  class space    used 2948K, capacity 3088K, committed 3120K, reserved 1048576K
}
Event: 2.957 GC heap before
{Heap before GC invocations=6 (full 1):
 PSYoungGen      total 52736K, used 52725K [0x00000000d5c00000, 0x00000000da700000, 0x0000000100000000)
  eden space 47616K, 100% used [0x00000000d5c00000,0x00000000d8a80000,0x00000000d8a80000)
  from space 5120K, 99% used [0x00000000da200000,0x00000000da6fd4f8,0x00000000da700000)
  to   space 5120K, 0% used [0x00000000d9d00000,0x00000000d9d00000,0x00000000da200000)
 ParOldGen       total 66560K, used 11549K [0x0000000081400000, 0x0000000085500000, 0x00000000d5c00000)
  object space 66560K, 17% used [0x0000000081400000,0x0000000081f475d0,0x0000000085500000)
 Metaspace       used 33053K, capacity 33559K, committed 33840K, reserved 1079296K
  class space    used 4236K, capacity 4377K, committed 4400K, reserved 1048576K
Event: 2.967 GC heap after
Heap after GC invocations=6 (full 1):
 PSYoungGen      total 71680K, used 5090K [0x00000000d5c00000, 0x00000000dbf80000, 0x0000000100000000)
  eden space 66560K, 0% used [0x00000000d5c00000,0x00000000d5c00000,0x00000000d9d00000)
  from space 5120K, 99% used [0x00000000d9d00000,0x00000000da1f8918,0x00000000da200000)
  to   space 16384K, 0% used [0x00000000daf80000,0x00000000daf80000,0x00000000dbf80000)
 ParOldGen       total 66560K, used 23718K [0x0000000081400000, 0x0000000085500000, 0x00000000d5c00000)
  object space 66560K, 35% used [0x0000000081400000,0x0000000082b299c0,0x0000000085500000)
 Metaspace       used 33053K, capacity 33559K, committed 33840K, reserved 1079296K
  class space    used 4236K, capacity 4377K, committed 4400K, reserved 1048576K
}
Event: 3.101 GC heap before
{Heap before GC invocations=7 (full 1):
 PSYoungGen      total 71680K, used 11872K [0x00000000d5c00000, 0x00000000dbf80000, 0x0000000100000000)
  eden space 66560K, 10% used [0x00000000d5c00000,0x00000000d629f860,0x00000000d9d00000)
  from space 5120K, 99% used [0x00000000d9d00000,0x00000000da1f8918,0x00000000da200000)
  to   space 16384K, 0% used [0x00000000daf80000,0x00000000daf80000,0x00000000dbf80000)
 ParOldGen       total 66560K, used 23718K [0x0000000081400000, 0x0000000085500000, 0x00000000d5c00000)
  object space 66560K, 35% used [0x0000000081400000,0x0000000082b299c0,0x0000000085500000)
 Metaspace       used 34776K, capacity 35226K, committed 35496K, reserved 1081344K
  class space    used 4437K, capacity 4582K, committed 4656K, reserved 1048576K
Event: 3.107 GC heap after
Heap after GC invocations=7 (full 1):
 PSYoungGen      total 86016K, used 6907K [0x00000000d5c00000, 0x00000000dde80000, 0x0000000100000000)
  eden space 69632K, 0% used [0x00000000d5c00000,0x00000000d5c00000,0x00000000da000000)
  from space 16384K, 42% used [0x00000000daf80000,0x00000000db63ee00,0x00000000dbf80000)
  to   space 15872K, 0% used [0x00000000da000000,0x00000000da000000,0x00000000daf80000)
 ParOldGen       total 66560K, used 23726K [0x0000000081400000, 0x0000000085500000, 0x00000000d5c00000)
  object space 66560K, 35% used [0x0000000081400000,0x0000000082b2b9c0,0x0000000085500000)
 Metaspace       used 34776K, capacity 35226K, committed 35496K, reserved 1081344K
  class space    used 4437K, capacity 4582K, committed 4656K, reserved 1048576K
}
Event: 3.107 GC heap before
{Heap before GC invocations=8 (full 2):
 PSYoungGen      total 86016K, used 6907K [0x00000000d5c00000, 0x00000000dde80000, 0x0000000100000000)
  eden space 69632K, 0% used [0x00000000d5c00000,0x00000000d5c00000,0x00000000da000000)
  from space 16384K, 42% used [0x00000000daf80000,0x00000000db63ee00,0x00000000dbf80000)
  to   space 15872K, 0% used [0x00000000da000000,0x00000000da000000,0x00000000daf80000)
 ParOldGen       total 66560K, used 23726K [0x0000000081400000, 0x0000000085500000, 0x00000000d5c00000)
  object space 66560K, 35% used [0x0000000081400000,0x0000000082b2b9c0,0x0000000085500000)
 Metaspace       used 34776K, capacity 35226K, committed 35496K, reserved 1081344K
  class space    used 4437K, capacity 4582K, committed 4656K, reserved 1048576K
Event: 3.155 GC heap after
Heap after GC invocations=8 (full 2):
 PSYoungGen      total 86016K, used 0K [0x00000000d5c00000, 0x00000000dde80000, 0x0000000100000000)
  eden space 69632K, 0% used [0x00000000d5c00000,0x00000000d5c00000,0x00000000da000000)
  from space 16384K, 0% used [0x00000000daf80000,0x00000000daf80000,0x00000000dbf80000)
  to   space 15872K, 0% used [0x00000000da000000,0x00000000da000000,0x00000000daf80000)
 ParOldGen       total 66560K, used 15891K [0x0000000081400000, 0x0000000085500000, 0x00000000d5c00000)
  object space 66560K, 23% used [0x0000000081400000,0x0000000082384cc0,0x0000000085500000)
 Metaspace       used 34776K, capacity 35226K, committed 35496K, reserved 1081344K
  class space    used 4437K, capacity 4582K, committed 4656K, reserved 1048576K
}
Event: 3.932 GC heap before
{Heap before GC invocations=9 (full 2):
 PSYoungGen      total 86016K, used 69632K [0x00000000d5c00000, 0x00000000dde80000, 0x0000000100000000)
  eden space 69632K, 100% used [0x00000000d5c00000,0x00000000da000000,0x00000000da000000)
  from space 16384K, 0% used [0x00000000daf80000,0x00000000daf80000,0x00000000dbf80000)
  to   space 15872K, 0% used [0x00000000da000000,0x00000000da000000,0x00000000daf80000)
 ParOldGen       total 66560K, used 15891K [0x0000000081400000, 0x0000000085500000, 0x00000000d5c00000)
  object space 66560K, 23% used [0x0000000081400000,0x0000000082384cc0,0x0000000085500000)
 Metaspace       used 39908K, capacity 40484K, committed 40752K, reserved 1085440K
  class space    used 5016K, capacity 5163K, committed 5168K, reserved 1048576K
Event: 3.946 GC heap after
Heap after GC invocations=9 (full 2):
 PSYoungGen      total 85504K, used 14413K [0x00000000d5c00000, 0x00000000dde80000, 0x0000000100000000)
  eden space 69632K, 0% used [0x00000000d5c00000,0x00000000d5c00000,0x00000000da000000)
  from space 15872K, 90% used [0x00000000da000000,0x00000000dae13478,0x00000000daf80000)
  to   space 17408K, 0% used [0x00000000dcd80000,0x00000000dcd80000,0x00000000dde80000)
 ParOldGen       total 66560K, used 15899K [0x0000000081400000, 0x0000000085500000, 0x00000000d5c00000)
  object space 66560K, 23% used [0x0000000081400000,0x0000000082386cc0,0x0000000085500000)
 Metaspace       used 39908K, capacity 40484K, committed 40752K, reserved 1085440K
  class space    used 5016K, capacity 5163K, committed 5168K, reserved 1048576K
}

