# JRE version: OpenJDK Runtime Environment (8.0_212-b04) (build 1.8.0_212-release-1586-b04)
# Java VM: OpenJDK 64-Bit Server VM (25.212-b04 mixed mode windows-amd64 compressed oops)
Heap:
 PSYoungGen      total 82432K, used 55321K [0x00000000d5c00000, 0x00000000dbf80000, 0x0000000100000000)
  eden space 66560K, 83% used [0x00000000d5c00000,0x00000000d9206708,0x00000000d9d00000)
  from space 15872K, 0% used [0x00000000db000000,0x00000000db000000,0x00000000dbf80000)
  to   space 5120K, 0% used [0x00000000d9d00000,0x00000000d9d00000,0x00000000da200000)
 ParOldGen       total 66048K, used 16120K [0x0000000081400000, 0x0000000085480000, 0x00000000d5c00000)
  object space 66048K, 24% used [0x0000000081400000,0x00000000823be398,0x0000000085480000)
 Metaspace       used 38658K, capacity 39190K, committed 39424K, reserved 1083392K
  class space    used 4902K, capacity 5058K, committed 5120K, reserved 1048576K
GC Heap History (10 events):
Event: 1.755 GC heap before
{Heap before GC invocations=4 (full 1):
 PSYoungGen      total 38400K, used 5112K [0x00000000d5c00000, 0x00000000da700000, 0x0000000100000000)
  eden space 33280K, 0% used [0x00000000d5c00000,0x00000000d5c00000,0x00000000d7c80000)
  from space 5120K, 99% used [0x00000000d7c80000,0x00000000d817e278,0x00000000d8180000)
  to   space 5120K, 0% used [0x00000000da200000,0x00000000da200000,0x00000000da700000)
 ParOldGen       total 87552K, used 11773K [0x0000000081400000, 0x0000000086980000, 0x00000000d5c00000)
  object space 87552K, 13% used [0x0000000081400000,0x0000000081f7f488,0x0000000086980000)
 Metaspace       used 20715K, capacity 21122K, committed 21296K, reserved 1069056K
  class space    used 2452K, capacity 2593K, committed 2688K, reserved 1048576K
Event: 1.782 GC heap after
Heap after GC invocations=4 (full 1):
 PSYoungGen      total 38400K, used 0K [0x00000000d5c00000, 0x00000000da700000, 0x0000000100000000)
  eden space 33280K, 0% used [0x00000000d5c00000,0x00000000d5c00000,0x00000000d7c80000)
  from space 5120K, 0% used [0x00000000d7c80000,0x00000000d7c80000,0x00000000d8180000)
  to   space 5120K, 0% used [0x00000000da200000,0x00000000da200000,0x00000000da700000)
 ParOldGen       total 66048K, used 9016K [0x0000000081400000, 0x0000000085480000, 0x00000000d5c00000)
  object space 66048K, 13% used [0x0000000081400000,0x0000000081cce328,0x0000000085480000)
 Metaspace       used 20715K, capacity 21122K, committed 21296K, reserved 1069056K
  class space    used 2452K, capacity 2593K, committed 2688K, reserved 1048576K
}
Event: 2.322 GC heap before
{Heap before GC invocations=5 (full 1):
 PSYoungGen      total 38400K, used 33280K [0x00000000d5c00000, 0x00000000da700000, 0x0000000100000000)
  eden space 33280K, 100% used [0x00000000d5c00000,0x00000000d7c80000,0x00000000d7c80000)
  from space 5120K, 0% used [0x00000000d7c80000,0x00000000d7c80000,0x00000000d8180000)
  to   space 5120K, 0% used [0x00000000da200000,0x00000000da200000,0x00000000da700000)
 ParOldGen       total 66048K, used 9016K [0x0000000081400000, 0x0000000085480000, 0x00000000d5c00000)
  object space 66048K, 13% used [0x0000000081400000,0x0000000081cce328,0x0000000085480000)
 Metaspace       used 24592K, capacity 25064K, committed 25216K, reserved 1071104K
  class space    used 2948K, capacity 3088K, committed 3200K, reserved 1048576K
Event: 2.328 GC heap after
Heap after GC invocations=5 (full 1):
 PSYoungGen      total 53248K, used 5095K [0x00000000d5c00000, 0x00000000da700000, 0x0000000100000000)
  eden space 48128K, 0% used [0x00000000d5c00000,0x00000000d5c00000,0x00000000d8b00000)
  from space 5120K, 99% used [0x00000000da200000,0x00000000da6f9ff8,0x00000000da700000)
  to   space 5120K, 0% used [0x00000000d9d00000,0x00000000d9d00000,0x00000000da200000)
 ParOldGen       total 66048K, used 11507K [0x0000000081400000, 0x0000000085480000, 0x00000000d5c00000)
  object space 66048K, 17% used [0x0000000081400000,0x0000000081f3cfa8,0x0000000085480000)
 Metaspace       used 24592K, capacity 25064K, committed 25216K, reserved 1071104K
  class space    used 2948K, capacity 3088K, committed 3200K, reserved 1048576K
}
Event: 2.967 GC heap before
{Heap before GC invocations=6 (full 1):
 PSYoungGen      total 53248K, used 53223K [0x00000000d5c00000, 0x00000000da700000, 0x0000000100000000)
  eden space 48128K, 100% used [0x00000000d5c00000,0x00000000d8b00000,0x00000000d8b00000)
  from space 5120K, 99% used [0x00000000da200000,0x00000000da6f9ff8,0x00000000da700000)
  to   space 5120K, 0% used [0x00000000d9d00000,0x00000000d9d00000,0x00000000da200000)
 ParOldGen       total 66048K, used 11507K [0x0000000081400000, 0x0000000085480000, 0x00000000d5c00000)
  object space 66048K, 17% used [0x0000000081400000,0x0000000081f3cfa8,0x0000000085480000)
 Metaspace       used 32727K, capacity 33167K, committed 33536K, reserved 1079296K
  class space    used 4167K, capacity 4311K, committed 4352K, reserved 1048576K
Event: 2.978 GC heap after
Heap after GC invocations=6 (full 1):
 PSYoungGen      total 71680K, used 5090K [0x00000000d5c00000, 0x00000000dbf80000, 0x0000000100000000)
  eden space 66560K, 0% used [0x00000000d5c00000,0x00000000d5c00000,0x00000000d9d00000)
  from space 5120K, 99% used [0x00000000d9d00000,0x00000000da1f8918,0x00000000da200000)
  to   space 15872K, 0% used [0x00000000db000000,0x00000000db000000,0x00000000dbf80000)
 ParOldGen       total 66048K, used 23432K [0x0000000081400000, 0x0000000085480000, 0x00000000d5c00000)
  object space 66048K, 35% used [0x0000000081400000,0x0000000082ae2270,0x0000000085480000)
 Metaspace       used 32727K, capacity 33167K, committed 33536K, reserved 1079296K
  class space    used 4167K, capacity 4311K, committed 4352K, reserved 1048576K
}
Event: 3.147 GC heap before
{Heap before GC invocations=7 (full 1):
 PSYoungGen      total 71680K, used 13056K [0x00000000d5c00000, 0x00000000dbf80000, 0x0000000100000000)
  eden space 66560K, 11% used [0x00000000d5c00000,0x00000000d63c7848,0x00000000d9d00000)
  from space 5120K, 99% used [0x00000000d9d00000,0x00000000da1f8918,0x00000000da200000)
  to   space 15872K, 0% used [0x00000000db000000,0x00000000db000000,0x00000000dbf80000)
 ParOldGen       total 66048K, used 23432K [0x0000000081400000, 0x0000000085480000, 0x00000000d5c00000)
  object space 66048K, 35% used [0x0000000081400000,0x0000000082ae2270,0x0000000085480000)
 Metaspace       used 34869K, capacity 35352K, committed 35496K, reserved 1081344K
  class space    used 4454K, capacity 4593K, committed 4608K, reserved 1048576K
Event: 3.153 GC heap after
Heap after GC invocations=7 (full 1):
 PSYoungGen      total 82432K, used 7194K [0x00000000d5c00000, 0x00000000dbf80000, 0x0000000100000000)
  eden space 66560K, 0% used [0x00000000d5c00000,0x00000000d5c00000,0x00000000d9d00000)
  from space 15872K, 45% used [0x00000000db000000,0x00000000db706a20,0x00000000dbf80000)
  to   space 5120K, 0% used [0x00000000d9d00000,0x00000000d9d00000,0x00000000da200000)
 ParOldGen       total 66048K, used 23440K [0x0000000081400000, 0x0000000085480000, 0x00000000d5c00000)
  object space 66048K, 35% used [0x0000000081400000,0x0000000082ae4270,0x0000000085480000)
 Metaspace       used 34869K, capacity 35352K, committed 35496K, reserved 1081344K
  class space    used 4454K, capacity 4593K, committed 4608K, reserved 1048576K
}
Event: 3.153 GC heap before
{Heap before GC invocations=8 (full 2):
 PSYoungGen      total 82432K, used 7194K [0x00000000d5c00000, 0x00000000dbf80000, 0x0000000100000000)
  eden space 66560K, 0% used [0x00000000d5c00000,0x00000000d5c00000,0x00000000d9d00000)
  from space 15872K, 45% used [0x00000000db000000,0x00000000db706a20,0x00000000dbf80000)
  to   space 5120K, 0% used [0x00000000d9d00000,0x00000000d9d00000,0x00000000da200000)
 ParOldGen       total 66048K, used 23440K [0x0000000081400000, 0x0000000085480000, 0x00000000d5c00000)
  object space 66048K, 35% used [0x0000000081400000,0x0000000082ae4270,0x0000000085480000)
 Metaspace       used 34869K, capacity 35352K, committed 35496K, reserved 1081344K
  class space    used 4454K, capacity 4593K, committed 4608K, reserved 1048576K
Event: 3.199 GC heap after
Heap after GC invocations=8 (full 2):
 PSYoungGen      total 82432K, used 0K [0x00000000d5c00000, 0x00000000dbf80000, 0x0000000100000000)
  eden space 66560K, 0% used [0x00000000d5c00000,0x00000000d5c00000,0x00000000d9d00000)
  from space 15872K, 0% used [0x00000000db000000,0x00000000db000000,0x00000000dbf80000)
  to   space 5120K, 0% used [0x00000000d9d00000,0x00000000d9d00000,0x00000000da200000)
 ParOldGen       total 66048K, used 16120K [0x0000000081400000, 0x0000000085480000, 0x00000000d5c00000)
  object space 66048K, 24% used [0x0000000081400000,0x00000000823be398,0x0000000085480000)
 Metaspace       used 34869K, capacity 35352K, committed 35496K, reserved 1081344K
  class space    used 4454K, capacity 4593K, committed 4608K, reserved 1048576K
}

