# JRE version: OpenJDK Runtime Environment (8.0_212-b04) (build 1.8.0_212-release-1586-b04)
# Java VM: OpenJDK 64-Bit Server VM (25.212-b04 mixed mode windows-amd64 compressed oops)
Heap:
 PSYoungGen      total 189952K, used 62070K [0x00000000e0000000, 0x00000000f1280000, 0x0000000100000000)
  eden space 127488K, 8% used [0x00000000e0000000,0x00000000e0a0b9d0,0x00000000e7c80000)
  from space 62464K, 82% used [0x00000000ed580000,0x00000000f08120c8,0x00000000f1280000)
  to   space 43520K, 0% used [0x00000000e7c80000,0x00000000e7c80000,0x00000000ea700000)
 ParOldGen       total 151552K, used 112637K [0x00000000a0000000, 0x00000000a9400000, 0x00000000e0000000)
  object space 151552K, 74% used [0x00000000a0000000,0x00000000a6dff608,0x00000000a9400000)
 Metaspace       used 91788K, capacity 96876K, committed 97024K, reserved 1132544K
  class space    used 12258K, capacity 13199K, committed 13312K, reserved 1048576K
GC Heap History (10 events):
Event: 91.861 GC heap before
{Heap before GC invocations=23 (full 3):
 PSYoungGen      total 139776K, used 139769K [0x00000000e0000000, 0x00000000eba00000, 0x0000000100000000)
  eden space 114176K, 100% used [0x00000000e0000000,0x00000000e6f80000,0x00000000e6f80000)
  from space 25600K, 99% used [0x00000000e6f80000,0x00000000e887e510,0x00000000e8880000)
  to   space 32768K, 0% used [0x00000000e9a00000,0x00000000e9a00000,0x00000000eba00000)
 ParOldGen       total 151552K, used 47978K [0x00000000a0000000, 0x00000000a9400000, 0x00000000e0000000)
  object space 151552K, 31% used [0x00000000a0000000,0x00000000a2eda858,0x00000000a9400000)
 Metaspace       used 75361K, capacity 78382K, committed 78464K, reserved 1118208K
  class space    used 9947K, capacity 10561K, committed 10624K, reserved 1048576K
Event: 91.912 GC heap after
Heap after GC invocations=23 (full 3):
 PSYoungGen      total 150016K, used 32736K [0x00000000e0000000, 0x00000000eca80000, 0x0000000100000000)
  eden space 117248K, 0% used [0x00000000e0000000,0x00000000e0000000,0x00000000e7280000)
  from space 32768K, 99% used [0x00000000e9a00000,0x00000000eb9f81e8,0x00000000eba00000)
  to   space 40448K, 0% used [0x00000000e7280000,0x00000000e7280000,0x00000000e9a00000)
 ParOldGen       total 151552K, used 54557K [0x00000000a0000000, 0x00000000a9400000, 0x00000000e0000000)
  object space 151552K, 35% used [0x00000000a0000000,0x00000000a35476c8,0x00000000a9400000)
 Metaspace       used 75361K, capacity 78382K, committed 78464K, reserved 1118208K
  class space    used 9947K, capacity 10561K, committed 10624K, reserved 1048576K
}
Event: 111.403 GC heap before
{Heap before GC invocations=24 (full 3):
 PSYoungGen      total 150016K, used 149984K [0x00000000e0000000, 0x00000000eca80000, 0x0000000100000000)
  eden space 117248K, 100% used [0x00000000e0000000,0x00000000e7280000,0x00000000e7280000)
  from space 32768K, 99% used [0x00000000e9a00000,0x00000000eb9f81e8,0x00000000eba00000)
  to   space 40448K, 0% used [0x00000000e7280000,0x00000000e7280000,0x00000000e9a00000)
 ParOldGen       total 151552K, used 54557K [0x00000000a0000000, 0x00000000a9400000, 0x00000000e0000000)
  object space 151552K, 35% used [0x00000000a0000000,0x00000000a35476c8,0x00000000a9400000)
 Metaspace       used 82865K, capacity 86246K, committed 86400K, reserved 1124352K
  class space    used 10957K, capacity 11632K, committed 11648K, reserved 1048576K
Event: 111.450 GC heap after
Heap after GC invocations=24 (full 3):
 PSYoungGen      total 157696K, used 29157K [0x00000000e0000000, 0x00000000ed080000, 0x0000000100000000)
  eden space 117248K, 0% used [0x00000000e0000000,0x00000000e0000000,0x00000000e7280000)
  from space 40448K, 72% used [0x00000000e7280000,0x00000000e8ef9478,0x00000000e9a00000)
  to   space 42496K, 0% used [0x00000000ea700000,0x00000000ea700000,0x00000000ed080000)
 ParOldGen       total 151552K, used 69001K [0x00000000a0000000, 0x00000000a9400000, 0x00000000e0000000)
  object space 151552K, 45% used [0x00000000a0000000,0x00000000a43625f8,0x00000000a9400000)
 Metaspace       used 82865K, capacity 86246K, committed 86400K, reserved 1124352K
  class space    used 10957K, capacity 11632K, committed 11648K, reserved 1048576K
}
Event: 114.213 GC heap before
{Heap before GC invocations=25 (full 3):
 PSYoungGen      total 157696K, used 146405K [0x00000000e0000000, 0x00000000ed080000, 0x0000000100000000)
  eden space 117248K, 100% used [0x00000000e0000000,0x00000000e7280000,0x00000000e7280000)
  from space 40448K, 72% used [0x00000000e7280000,0x00000000e8ef9478,0x00000000e9a00000)
  to   space 42496K, 0% used [0x00000000ea700000,0x00000000ea700000,0x00000000ed080000)
 ParOldGen       total 151552K, used 69001K [0x00000000a0000000, 0x00000000a9400000, 0x00000000e0000000)
  object space 151552K, 45% used [0x00000000a0000000,0x00000000a43625f8,0x00000000a9400000)
 Metaspace       used 90304K, capacity 95136K, committed 95232K, reserved 1132544K
  class space    used 12071K, capacity 12977K, committed 13056K, reserved 1048576K
Event: 114.237 GC heap after
Heap after GC invocations=25 (full 3):
 PSYoungGen      total 169984K, used 27529K [0x00000000e0000000, 0x00000000ed400000, 0x0000000100000000)
  eden space 127488K, 0% used [0x00000000e0000000,0x00000000e0000000,0x00000000e7c80000)
  from space 42496K, 64% used [0x00000000ea700000,0x00000000ec1e2580,0x00000000ed080000)
  to   space 43520K, 0% used [0x00000000e7c80000,0x00000000e7c80000,0x00000000ea700000)
 ParOldGen       total 151552K, used 69009K [0x00000000a0000000, 0x00000000a9400000, 0x00000000e0000000)
  object space 151552K, 45% used [0x00000000a0000000,0x00000000a43645f8,0x00000000a9400000)
 Metaspace       used 90304K, capacity 95136K, committed 95232K, reserved 1132544K
  class space    used 12071K, capacity 12977K, committed 13056K, reserved 1048576K
}
Event: 115.152 GC heap before
{Heap before GC invocations=26 (full 3):
 PSYoungGen      total 169984K, used 155017K [0x00000000e0000000, 0x00000000ed400000, 0x0000000100000000)
  eden space 127488K, 100% used [0x00000000e0000000,0x00000000e7c80000,0x00000000e7c80000)
  from space 42496K, 64% used [0x00000000ea700000,0x00000000ec1e2580,0x00000000ed080000)
  to   space 43520K, 0% used [0x00000000e7c80000,0x00000000e7c80000,0x00000000ea700000)
 ParOldGen       total 151552K, used 69009K [0x00000000a0000000, 0x00000000a9400000, 0x00000000e0000000)
  object space 151552K, 45% used [0x00000000a0000000,0x00000000a43645f8,0x00000000a9400000)
 Metaspace       used 91378K, capacity 96368K, committed 96640K, reserved 1132544K
  class space    used 12233K, capacity 13151K, committed 13184K, reserved 1048576K
Event: 115.218 GC heap after
Heap after GC invocations=26 (full 3):
 PSYoungGen      total 171008K, used 43515K [0x00000000e0000000, 0x00000000f1280000, 0x0000000100000000)
  eden space 127488K, 0% used [0x00000000e0000000,0x00000000e0000000,0x00000000e7c80000)
  from space 43520K, 99% used [0x00000000e7c80000,0x00000000ea6fecf0,0x00000000ea700000)
  to   space 62464K, 0% used [0x00000000ed580000,0x00000000ed580000,0x00000000f1280000)
 ParOldGen       total 151552K, used 102144K [0x00000000a0000000, 0x00000000a9400000, 0x00000000e0000000)
  object space 151552K, 67% used [0x00000000a0000000,0x00000000a63c0158,0x00000000a9400000)
 Metaspace       used 91378K, capacity 96368K, committed 96640K, reserved 1132544K
  class space    used 12233K, capacity 13151K, committed 13184K, reserved 1048576K
}
Event: 116.189 GC heap before
{Heap before GC invocations=27 (full 3):
 PSYoungGen      total 171008K, used 171003K [0x00000000e0000000, 0x00000000f1280000, 0x0000000100000000)
  eden space 127488K, 100% used [0x00000000e0000000,0x00000000e7c80000,0x00000000e7c80000)
  from space 43520K, 99% used [0x00000000e7c80000,0x00000000ea6fecf0,0x00000000ea700000)
  to   space 62464K, 0% used [0x00000000ed580000,0x00000000ed580000,0x00000000f1280000)
 ParOldGen       total 151552K, used 102144K [0x00000000a0000000, 0x00000000a9400000, 0x00000000e0000000)
  object space 151552K, 67% used [0x00000000a0000000,0x00000000a63c0158,0x00000000a9400000)
 Metaspace       used 91575K, capacity 96568K, committed 96640K, reserved 1132544K
  class space    used 12233K, capacity 13151K, committed 13184K, reserved 1048576K
Event: 116.241 GC heap after
Heap after GC invocations=27 (full 3):
 PSYoungGen      total 189952K, used 51784K [0x00000000e0000000, 0x00000000f1280000, 0x0000000100000000)
  eden space 127488K, 0% used [0x00000000e0000000,0x00000000e0000000,0x00000000e7c80000)
  from space 62464K, 82% used [0x00000000ed580000,0x00000000f08120c8,0x00000000f1280000)
  to   space 43520K, 0% used [0x00000000e7c80000,0x00000000e7c80000,0x00000000ea700000)
 ParOldGen       total 151552K, used 112637K [0x00000000a0000000, 0x00000000a9400000, 0x00000000e0000000)
  object space 151552K, 74% used [0x00000000a0000000,0x00000000a6dff608,0x00000000a9400000)
 Metaspace       used 91575K, capacity 96568K, committed 96640K, reserved 1132544K
  class space    used 12233K, capacity 13151K, committed 13184K, reserved 1048576K
}

